<?xml version="1.0" encoding="UTF-8"?>
<testsuite xmlns:xsi="http://www.w3.org/2001/XMLSchema-instance" xsi:noNamespaceSchemaLocation="https://maven.apache.org/surefire/maven-surefire-plugin/xsd/surefire-test-report-3.0.xsd" version="3.0" name="com.mycompany.testmex.RSANumericoTest" time="0.105" tests="7" errors="0" skipped="0" failures="0">
  <properties>
[...]
</properties>
  <testcase name="testEncryptMessage" classname="com.mycompany.testmex.RSANumericoTest" time="0.018">
    <system-out><![CDATA[test metodo encryptMessage
]]></system-out>
  </testcase>
  <testcase name="testAsciiToSentence" classname="com.mycompany.testmex.RSANumericoTest" time="0.002">
    <system-out><![CDATA[test metodo asciiToSentence con lettera c
]]></system-out>
  </testcase>
  <testcase name="testCifratura" classname="com.mycompany.testmex.RSANumericoTest" time="0.009">
    <system-out><![CDATA[test metodo cifratura
]]></system-out>
  </testcase>
  <testcase name="testDecifratura" classname="com.mycompany.testmex.RSANumericoTest" time="0.032">
    <system-out><![CDATA[test metodo decifratura
]]></system-out>
  </testcase>
  <testcase name="testAsciiToSentence1" classname="com.mycompany.testmex.RSANumericoTest" time="0.001">
    <system-out><![CDATA[test metodo asciiToSentence con !
]]></system-out>
  </testcase>
  <testcase name="testAsciiToSentence2" classname="com.mycompany.testmex.RSANumericoTest" time="0.001">
    <system-out><![CDATA[test metodo asciiToSentence con ~
]]></system-out>
  </testcase>
  <testcase name="testDecryptMessage" classname="com.mycompany.testmex.RSANumericoTest" time="0.03">
    <system-out><![CDATA[test metodo decryptMessage
]]></system-out>
  </testcase>
</testsuite>